[debug] [2024-11-10T17:23:34.454Z] ----------------------------------------------------------------------
[debug] [2024-11-10T17:23:34.457Z] Command:       C:\Program Files\nodejs\node.exe C:\Users\ACER\AppData\Roaming\npm\node_modules\firebase-tools\lib\bin\firebase.js emulators:start --only functions
[debug] [2024-11-10T17:23:34.457Z] CLI Version:   13.24.2
[debug] [2024-11-10T17:23:34.458Z] Platform:      win32
[debug] [2024-11-10T17:23:34.458Z] Node Version:  v20.15.0
[debug] [2024-11-10T17:23:34.458Z] Time:          Sun Nov 10 2024 22:53:34 GMT+0530 (India Standard Time)
[debug] [2024-11-10T17:23:34.458Z] ----------------------------------------------------------------------
[debug] 
[debug] [2024-11-10T17:23:34.601Z] > command requires scopes: ["email","openid","https://www.googleapis.com/auth/cloudplatformprojects.readonly","https://www.googleapis.com/auth/firebase","https://www.googleapis.com/auth/cloud-platform"]
[debug] [2024-11-10T17:23:34.601Z] > authorizing via signed-in user (shamsai2118@gmail.com)
[info] i  emulators: Starting emulators: functions {"metadata":{"emulator":{"name":"hub"},"message":"Starting emulators: functions"}}
[debug] [2024-11-10T17:23:34.612Z] [logging] Logging Emulator only supports listening on one address (127.0.0.1). Not listening on ::1
[debug] [2024-11-10T17:23:34.612Z] assigned listening specs for emulators {"user":{"hub":[{"address":"127.0.0.1","family":"IPv4","port":4400},{"address":"::1","family":"IPv6","port":4400}],"ui":[{"address":"127.0.0.1","family":"IPv4","port":4000},{"address":"::1","family":"IPv6","port":4000}],"logging":[{"address":"127.0.0.1","family":"IPv4","port":4500}]},"metadata":{"message":"assigned listening specs for emulators"}}
[debug] [2024-11-10T17:23:34.617Z] [hub] writing locator at C:\Users\ACER\AppData\Local\Temp\hub-krivi-criative-trial.json
[debug] [2024-11-10T17:23:34.653Z] [functions] Functions Emulator only supports listening on one address (127.0.0.1). Not listening on ::1
[debug] [2024-11-10T17:23:34.653Z] [eventarc] Eventarc Emulator only supports listening on one address (127.0.0.1). Not listening on ::1
[debug] [2024-11-10T17:23:34.654Z] [tasks] Cloud Tasks Emulator only supports listening on one address (127.0.0.1). Not listening on ::1
[debug] [2024-11-10T17:23:34.654Z] late-assigned ports for functions and eventarc emulators {"user":{"hub":[{"address":"127.0.0.1","family":"IPv4","port":4400},{"address":"::1","family":"IPv6","port":4400}],"ui":[{"address":"127.0.0.1","family":"IPv4","port":4000},{"address":"::1","family":"IPv6","port":4000}],"logging":[{"address":"127.0.0.1","family":"IPv4","port":4500}],"functions":[{"address":"127.0.0.1","family":"IPv4","port":5001}],"eventarc":[{"address":"127.0.0.1","family":"IPv4","port":9299}],"tasks":[{"address":"127.0.0.1","family":"IPv4","port":9499}]},"metadata":{"message":"late-assigned ports for functions and eventarc emulators"}}
[warn] !  functions: The following emulators are not running, calls to these services from the Functions emulator will affect production: auth, firestore, database, hosting, pubsub, storage, dataconnect {"metadata":{"emulator":{"name":"functions"},"message":"The following emulators are not running, calls to these services from the Functions emulator will affect production: \u001b[1mauth, firestore, database, hosting, pubsub, storage, dataconnect\u001b[22m"}}
[debug] [2024-11-10T17:23:34.660Z] defaultcredentials: writing to file C:\Users\ACER\AppData\Roaming\firebase\shamsai2118_gmail_com_application_default_credentials.json
[debug] [2024-11-10T17:23:34.663Z] Setting GAC to C:\Users\ACER\AppData\Roaming\firebase\shamsai2118_gmail_com_application_default_credentials.json {"metadata":{"emulator":{"name":"functions"},"message":"Setting GAC to C:\\Users\\ACER\\AppData\\Roaming\\firebase\\shamsai2118_gmail_com_application_default_credentials.json"}}
[debug] [2024-11-10T17:23:34.663Z] Checked if tokens are valid: true, expires at: 1731262950649
[debug] [2024-11-10T17:23:34.664Z] Checked if tokens are valid: true, expires at: 1731262950649
[debug] [2024-11-10T17:23:34.665Z] >>> [apiv2][query] GET https://firebase.googleapis.com/v1beta1/projects/krivi-criative-trial/adminSdkConfig [none]
[debug] [2024-11-10T17:23:35.292Z] <<< [apiv2][status] GET https://firebase.googleapis.com/v1beta1/projects/krivi-criative-trial/adminSdkConfig 200
[debug] [2024-11-10T17:23:35.292Z] <<< [apiv2][body] GET https://firebase.googleapis.com/v1beta1/projects/krivi-criative-trial/adminSdkConfig {"projectId":"krivi-criative-trial","storageBucket":"krivi-criative-trial.firebasestorage.app"}
[debug] [2024-11-10T17:23:35.313Z] Ignoring unsupported arg: auto_download {"metadata":{"emulator":{"name":"ui"},"message":"Ignoring unsupported arg: auto_download"}}
[debug] [2024-11-10T17:23:35.314Z] Ignoring unsupported arg: port {"metadata":{"emulator":{"name":"ui"},"message":"Ignoring unsupported arg: port"}}
[debug] [2024-11-10T17:23:35.314Z] Starting Emulator UI with command {"binary":"node","args":["C:\\Users\\ACER\\.cache\\firebase\\emulators\\ui-v1.14.0\\server\\server.mjs"],"optionalArgs":[],"joinArgs":false,"shell":false,"port":4000} {"metadata":{"emulator":{"name":"ui"},"message":"Starting Emulator UI with command {\"binary\":\"node\",\"args\":[\"C:\\\\Users\\\\ACER\\\\.cache\\\\firebase\\\\emulators\\\\ui-v1.14.0\\\\server\\\\server.mjs\"],\"optionalArgs\":[],\"joinArgs\":false,\"shell\":false,\"port\":4000}"}}
[info] i  ui: Emulator UI logging to ui-debug.log {"metadata":{"emulator":{"name":"ui"},"message":"Emulator UI logging to \u001b[1mui-debug.log\u001b[22m"}}
[debug] [2024-11-10T17:23:35.480Z] Web / API server started at 127.0.0.1:4000
 {"metadata":{"emulator":{"name":"ui"},"message":"Web / API server started at 127.0.0.1:4000\n"}}
[debug] [2024-11-10T17:23:35.480Z] Web / API server started at ::1:4000
 {"metadata":{"emulator":{"name":"ui"},"message":"Web / API server started at ::1:4000\n"}}
[info] i  functions: Watching "D:\craftsy\krivibackend\functions" for Cloud Functions... {"metadata":{"emulator":{"name":"functions"},"message":"Watching \"D:\\craftsy\\krivibackend\\functions\" for Cloud Functions..."}}
[debug] [2024-11-10T17:23:35.553Z] Validating nodejs source
[debug] [2024-11-10T17:23:36.627Z] > [functions] package.json contents: {
  "name": "functions",
  "description": "Cloud Functions for Firebase",
  "scripts": {
    "serve": "firebase emulators:start --only functions",
    "shell": "firebase functions:shell",
    "start": "npm run shell",
    "emulator": "firebase emulators:start",
    "deploy": "firebase deploy --only functions",
    "logs": "firebase functions:log"
  },
  "engines": {
    "node": "18"
  },
  "main": "src/server.js",
  "dependencies": {
    "body-parser": "^1.20.3",
    "cors": "^2.8.5",
    "express": "^4.21.1",
    "firebase-admin": "^12.6.0",
    "firebase-functions": "^6.0.1",
    "nodemon": "^3.1.7"
  },
  "devDependencies": {
    "firebase-functions-test": "^3.1.0"
  },
  "private": true
}
[debug] [2024-11-10T17:23:36.627Z] Building nodejs source
[debug] [2024-11-10T17:23:36.627Z] Failed to find version of module node: reached end of search path D:\craftsy\krivibackend\functions\node_modules
[warn] !  functions: Your requested "node" version "18" doesn't match your global version "20". Using node@20 from host. 
[debug] [2024-11-10T17:23:36.629Z] Could not find functions.yaml. Must use http discovery
[debug] [2024-11-10T17:23:36.645Z] Found firebase-functions binary at 'D:\craftsy\krivibackend\functions\node_modules\.bin\firebase-functions'
[info] Serving at port 8487

[info] category

[info] product

[debug] [2024-11-10T17:23:38.282Z] Got response from /__/functions.yaml {"endpoints":{"api":{"availableMemoryMb":null,"timeoutSeconds":null,"minInstances":null,"maxInstances":null,"ingressSettings":null,"concurrency":null,"serviceAccountEmail":null,"vpc":null,"platform":"gcfv2","labels":{},"httpsTrigger":{},"entryPoint":"api"}},"specVersion":"v1alpha1","requiredAPIs":[],"extensions":{}}
[info] +  functions: Loaded functions definitions from source: api. {"metadata":{"emulator":{"name":"functions"},"message":"Loaded functions definitions from source: api."}}
[info] +  functions[us-central1-api]: http function initialized (http://127.0.0.1:5001/krivi-criative-trial/us-central1/api). {"metadata":{"emulator":{"name":"functions"},"message":"\u001b[1mhttp\u001b[22m function initialized (http://127.0.0.1:5001/krivi-criative-trial/us-central1/api)."}}
[debug] [2024-11-10T17:23:43.317Z] Could not find VSCode notification endpoint: FetchError: request to http://localhost:40001/vscode/notify failed, reason: . If you are not running the Firebase Data Connect VSCode extension, this is expected and not an issue.
[info] 
┌─────────────────────────────────────────────────────────────┐
│ ✔  All emulators ready! It is now safe to connect your app. │
│ i  View Emulator UI at http://127.0.0.1:4000/               │
└─────────────────────────────────────────────────────────────┘

┌───────────┬────────────────┬─────────────────────────────────┐
│ Emulator  │ Host:Port      │ View in Emulator UI             │
├───────────┼────────────────┼─────────────────────────────────┤
│ Functions │ 127.0.0.1:5001 │ http://127.0.0.1:4000/functions │
└───────────┴────────────────┴─────────────────────────────────┘
  Emulator Hub running at 127.0.0.1:4400
  Other reserved ports: 4500

Issues? Report them at https://github.com/firebase/firebase-tools/issues and attach the *-debug.log files.
 
[debug] [2024-11-10T17:23:58.062Z] [work-queue] {"queuedWork":["/krivi-criative-trial/us-central1/api/category/all-2024-11-10T17:23:58.062Z"],"queueLength":1,"runningWork":[],"workRunningCount":0}
[debug] [2024-11-10T17:23:58.062Z] [work-queue] {"queuedWork":[],"queueLength":0,"runningWork":["/krivi-criative-trial/us-central1/api/category/all-2024-11-10T17:23:58.062Z"],"workRunningCount":1}
[debug] [2024-11-10T17:23:58.063Z] Accepted request GET /krivi-criative-trial/us-central1/api/category/all --> us-central1-api
[debug] [2024-11-10T17:23:58.064Z] [functions] Runtime ready! Sending request! {"metadata":{"emulator":{"name":"functions"},"message":"[functions] Runtime ready! Sending request!"}}
[debug] [2024-11-10T17:23:58.065Z] [functions] Got req.url=/krivi-criative-trial/us-central1/api/category/all, mapping to path=/category/all {"metadata":{"emulator":{"name":"functions"},"message":"[functions] Got req.url=/krivi-criative-trial/us-central1/api/category/all, mapping to path=/category/all"}}
[debug] [2024-11-10T17:23:58.076Z] [worker-pool] addWorker(us-central1-api) {"metadata":{"emulator":{"name":"functions"},"message":"[worker-pool] addWorker(us-central1-api)"}}
[debug] [2024-11-10T17:23:58.077Z] [worker-pool] Adding worker with key us-central1-api, total=1 {"metadata":{"emulator":{"name":"functions"},"message":"[worker-pool] Adding worker with key us-central1-api, total=1"}}
[debug] [2024-11-10T17:24:00.505Z] [runtime-status] [8604] Resolved module firebase-admin {"declared":true,"installed":true,"version":"12.7.0","resolution":"D:\\craftsy\\krivibackend\\functions\\node_modules\\firebase-admin\\lib\\index.js"} {"metadata":{"emulator":{"name":"functions"},"function":{"name":"us-central1-api"},"extension":{},"message":"[runtime-status] [8604] Resolved module firebase-admin {\"declared\":true,\"installed\":true,\"version\":\"12.7.0\",\"resolution\":\"D:\\\\craftsy\\\\krivibackend\\\\functions\\\\node_modules\\\\firebase-admin\\\\lib\\\\index.js\"}"}}
[debug] [2024-11-10T17:24:00.506Z] [runtime-status] [8604] Resolved module firebase-functions {"declared":true,"installed":true,"version":"6.1.0","resolution":"D:\\craftsy\\krivibackend\\functions\\node_modules\\firebase-functions\\lib\\v2\\index.js"} {"metadata":{"emulator":{"name":"functions"},"function":{"name":"us-central1-api"},"extension":{},"message":"[runtime-status] [8604] Resolved module firebase-functions {\"declared\":true,\"installed\":true,\"version\":\"6.1.0\",\"resolution\":\"D:\\\\craftsy\\\\krivibackend\\\\functions\\\\node_modules\\\\firebase-functions\\\\lib\\\\v2\\\\index.js\"}"}}
[debug] [2024-11-10T17:24:00.506Z] [runtime-status] [8604] Outgoing network have been stubbed. [{"name":"http","status":"mocked"},{"name":"http","status":"mocked"},{"name":"https","status":"mocked"},{"name":"https","status":"mocked"},{"name":"net","status":"mocked"}] {"metadata":{"emulator":{"name":"functions"},"function":{"name":"us-central1-api"},"extension":{},"message":"[runtime-status] [8604] Outgoing network have been stubbed. [{\"name\":\"http\",\"status\":\"mocked\"},{\"name\":\"http\",\"status\":\"mocked\"},{\"name\":\"https\",\"status\":\"mocked\"},{\"name\":\"https\",\"status\":\"mocked\"},{\"name\":\"net\",\"status\":\"mocked\"}]"}}
[debug] [2024-11-10T17:24:00.507Z] [runtime-status] [8604] Resolved module firebase-functions {"declared":true,"installed":true,"version":"6.1.0","resolution":"D:\\craftsy\\krivibackend\\functions\\node_modules\\firebase-functions\\lib\\v2\\index.js"} {"metadata":{"emulator":{"name":"functions"},"function":{"name":"us-central1-api"},"extension":{},"message":"[runtime-status] [8604] Resolved module firebase-functions {\"declared\":true,\"installed\":true,\"version\":\"6.1.0\",\"resolution\":\"D:\\\\craftsy\\\\krivibackend\\\\functions\\\\node_modules\\\\firebase-functions\\\\lib\\\\v2\\\\index.js\"}"}}
[debug] [2024-11-10T17:24:03.108Z] [runtime-status] [8604] Checked functions.config() {"config":{}} {"metadata":{"emulator":{"name":"functions"},"function":{"name":"us-central1-api"},"extension":{},"message":"[runtime-status] [8604] Checked functions.config() {\"config\":{}}"}}
[debug] [2024-11-10T17:24:03.108Z] [runtime-status] [8604] firebase-functions has been stubbed. {"functionsResolution":{"declared":true,"installed":true,"version":"6.1.0","resolution":"D:\\craftsy\\krivibackend\\functions\\node_modules\\firebase-functions\\lib\\v2\\index.js"}} {"metadata":{"emulator":{"name":"functions"},"function":{"name":"us-central1-api"},"extension":{},"message":"[runtime-status] [8604] firebase-functions has been stubbed. {\"functionsResolution\":{\"declared\":true,\"installed\":true,\"version\":\"6.1.0\",\"resolution\":\"D:\\\\craftsy\\\\krivibackend\\\\functions\\\\node_modules\\\\firebase-functions\\\\lib\\\\v2\\\\index.js\"}}"}}
[debug] [2024-11-10T17:24:03.109Z] [runtime-status] [8604] Resolved module firebase-functions {"declared":true,"installed":true,"version":"6.1.0","resolution":"D:\\craftsy\\krivibackend\\functions\\node_modules\\firebase-functions\\lib\\v2\\index.js"} {"metadata":{"emulator":{"name":"functions"},"function":{"name":"us-central1-api"},"extension":{},"message":"[runtime-status] [8604] Resolved module firebase-functions {\"declared\":true,\"installed\":true,\"version\":\"6.1.0\",\"resolution\":\"D:\\\\craftsy\\\\krivibackend\\\\functions\\\\node_modules\\\\firebase-functions\\\\lib\\\\v2\\\\index.js\"}"}}
[debug] [2024-11-10T17:24:03.331Z] [runtime-status] [8604] Resolved module firebase-admin {"declared":true,"installed":true,"version":"12.7.0","resolution":"D:\\craftsy\\krivibackend\\functions\\node_modules\\firebase-admin\\lib\\index.js"} {"metadata":{"emulator":{"name":"functions"},"function":{"name":"us-central1-api"},"extension":{},"message":"[runtime-status] [8604] Resolved module firebase-admin {\"declared\":true,\"installed\":true,\"version\":\"12.7.0\",\"resolution\":\"D:\\\\craftsy\\\\krivibackend\\\\functions\\\\node_modules\\\\firebase-admin\\\\lib\\\\index.js\"}"}}
[debug] [2024-11-10T17:24:03.333Z] [runtime-status] [8604] Resolved module firebase-functions {"declared":true,"installed":true,"version":"6.1.0","resolution":"D:\\craftsy\\krivibackend\\functions\\node_modules\\firebase-functions\\lib\\v2\\index.js"} {"metadata":{"emulator":{"name":"functions"},"function":{"name":"us-central1-api"},"extension":{},"message":"[runtime-status] [8604] Resolved module firebase-functions {\"declared\":true,\"installed\":true,\"version\":\"6.1.0\",\"resolution\":\"D:\\\\craftsy\\\\krivibackend\\\\functions\\\\node_modules\\\\firebase-functions\\\\lib\\\\v2\\\\index.js\"}"}}
[debug] [2024-11-10T17:24:03.334Z] [runtime-status] [8604] firebase-admin has been stubbed. {"adminResolution":{"declared":true,"installed":true,"version":"12.7.0","resolution":"D:\\craftsy\\krivibackend\\functions\\node_modules\\firebase-admin\\lib\\index.js"}} {"metadata":{"emulator":{"name":"functions"},"function":{"name":"us-central1-api"},"extension":{},"message":"[runtime-status] [8604] firebase-admin has been stubbed. {\"adminResolution\":{\"declared\":true,\"installed\":true,\"version\":\"12.7.0\",\"resolution\":\"D:\\\\craftsy\\\\krivibackend\\\\functions\\\\node_modules\\\\firebase-admin\\\\lib\\\\index.js\"}}"}}
[info] >  category {"user":"category","metadata":{"emulator":{"name":"functions"},"function":{"name":"us-central1-api"},"extension":{},"message":"\u001b[90m> \u001b[39m category"}}
[warn] !  functions: The Cloud Firestore emulator is not running, so calls to Firestore will affect production. {"metadata":{"emulator":{"name":"functions"},"function":{"name":"us-central1-api"},"extension":{},"message":"The Cloud Firestore emulator is not running, so calls to Firestore will affect production."}}
[info] >  product {"user":"product","metadata":{"emulator":{"name":"functions"},"function":{"name":"us-central1-api"},"extension":{},"message":"\u001b[90m> \u001b[39m product"}}
[debug] [2024-11-10T17:24:03.473Z] [runtime-status] [8604] Functions runtime initialized. {"cwd":"D:\\craftsy\\krivibackend\\functions","node_version":"20.15.0"} {"metadata":{"emulator":{"name":"functions"},"function":{"name":"us-central1-api"},"extension":{},"message":"[runtime-status] [8604] Functions runtime initialized. {\"cwd\":\"D:\\\\craftsy\\\\krivibackend\\\\functions\",\"node_version\":\"20.15.0\"}"}}
[debug] [2024-11-10T17:24:03.474Z] [runtime-status] [8604] Listening to port: \\?\pipe\fire_emu_8f3af0401abf2d31 {"metadata":{"emulator":{"name":"functions"},"function":{"name":"us-central1-api"},"extension":{},"message":"[runtime-status] [8604] Listening to port: \\\\?\\pipe\\fire_emu_8f3af0401abf2d31"}}
[debug] [2024-11-10T17:24:03.527Z] [worker-us-central1-api-65f2d0f3-653a-44ec-9f41-c810d142a52f]: IDLE {"metadata":{"emulator":{"name":"functions"},"function":{"name":"us-central1-api"},"extension":{},"message":"[worker-us-central1-api-65f2d0f3-653a-44ec-9f41-c810d142a52f]: IDLE"}}
[debug] [2024-11-10T17:24:03.527Z] [worker-pool] submitRequest(triggerId=us-central1-api) {"metadata":{"emulator":{"name":"functions"},"message":"[worker-pool] submitRequest(triggerId=us-central1-api)"}}
[info] i  functions: Beginning execution of "us-central1-api" {"metadata":{"emulator":{"name":"functions"},"function":{"name":"us-central1-api"},"extension":{},"message":"Beginning execution of \"us-central1-api\""}}
[debug] [2024-11-10T17:24:03.528Z] [worker-us-central1-api-65f2d0f3-653a-44ec-9f41-c810d142a52f]: BUSY {"metadata":{"emulator":{"name":"functions"},"function":{"name":"us-central1-api"},"extension":{},"message":"[worker-us-central1-api-65f2d0f3-653a-44ec-9f41-c810d142a52f]: BUSY"}}
[warn] !  Google API requested!
   - URL: "https://oauth2.googleapis.com/token"
   - Be careful, this may be a production service. {"metadata":{"emulator":{"name":"functions"},"function":{"name":"us-central1-api"},"extension":{},"message":"Google API requested!\n   - URL: \"https://oauth2.googleapis.com/token\"\n   - Be careful, this may be a production service."}}
[debug] [2024-11-10T17:24:12.881Z] Finishing up request with event=pause {"metadata":{"emulator":{"name":"functions"},"function":{"name":"us-central1-api"},"extension":{},"message":"Finishing up request with event=pause"}}
[info] i  functions: Finished "us-central1-api" in 9353.493ms {"metadata":{"emulator":{"name":"functions"},"function":{"name":"us-central1-api"},"extension":{},"message":"Finished \"us-central1-api\" in 9353.493ms"}}
[debug] [2024-11-10T17:24:12.882Z] [worker-us-central1-api-65f2d0f3-653a-44ec-9f41-c810d142a52f]: IDLE {"metadata":{"emulator":{"name":"functions"},"function":{"name":"us-central1-api"},"extension":{},"message":"[worker-us-central1-api-65f2d0f3-653a-44ec-9f41-c810d142a52f]: IDLE"}}
[debug] [2024-11-10T17:24:12.882Z] Finishing up request with event=finish {"metadata":{"emulator":{"name":"functions"},"function":{"name":"us-central1-api"},"extension":{},"message":"Finishing up request with event=finish"}}
[debug] [2024-11-10T17:24:12.882Z] Finishing up request with event=close {"metadata":{"emulator":{"name":"functions"},"function":{"name":"us-central1-api"},"extension":{},"message":"Finishing up request with event=close"}}
[debug] [2024-11-10T17:24:12.883Z] [work-queue] {"queuedWork":[],"queueLength":0,"runningWork":[],"workRunningCount":0}
[debug] [2024-11-10T17:24:29.124Z] [work-queue] {"queuedWork":["/krivi-criative-trial/us-central1/api/category/all-2024-11-10T17:24:29.124Z"],"queueLength":1,"runningWork":[],"workRunningCount":0}
[debug] [2024-11-10T17:24:29.124Z] [work-queue] {"queuedWork":[],"queueLength":0,"runningWork":["/krivi-criative-trial/us-central1/api/category/all-2024-11-10T17:24:29.124Z"],"workRunningCount":1}
[debug] [2024-11-10T17:24:29.124Z] Accepted request GET /krivi-criative-trial/us-central1/api/category/all --> us-central1-api
[debug] [2024-11-10T17:24:29.126Z] [functions] Runtime ready! Sending request! {"metadata":{"emulator":{"name":"functions"},"message":"[functions] Runtime ready! Sending request!"}}
[debug] [2024-11-10T17:24:29.126Z] [functions] Got req.url=/krivi-criative-trial/us-central1/api/category/all, mapping to path=/category/all {"metadata":{"emulator":{"name":"functions"},"message":"[functions] Got req.url=/krivi-criative-trial/us-central1/api/category/all, mapping to path=/category/all"}}
[debug] [2024-11-10T17:24:29.127Z] [worker-pool] submitRequest(triggerId=us-central1-api) {"metadata":{"emulator":{"name":"functions"},"message":"[worker-pool] submitRequest(triggerId=us-central1-api)"}}
[info] i  functions: Beginning execution of "us-central1-api" {"metadata":{"emulator":{"name":"functions"},"function":{"name":"us-central1-api"},"extension":{},"message":"Beginning execution of \"us-central1-api\""}}
[debug] [2024-11-10T17:24:29.127Z] [worker-us-central1-api-65f2d0f3-653a-44ec-9f41-c810d142a52f]: BUSY {"metadata":{"emulator":{"name":"functions"},"function":{"name":"us-central1-api"},"extension":{},"message":"[worker-us-central1-api-65f2d0f3-653a-44ec-9f41-c810d142a52f]: BUSY"}}
[debug] [2024-11-10T17:24:29.182Z] Finishing up request with event=pause {"metadata":{"emulator":{"name":"functions"},"function":{"name":"us-central1-api"},"extension":{},"message":"Finishing up request with event=pause"}}
[info] i  functions: Finished "us-central1-api" in 55.0581ms {"metadata":{"emulator":{"name":"functions"},"function":{"name":"us-central1-api"},"extension":{},"message":"Finished \"us-central1-api\" in 55.0581ms"}}
[debug] [2024-11-10T17:24:29.183Z] [worker-us-central1-api-65f2d0f3-653a-44ec-9f41-c810d142a52f]: IDLE {"metadata":{"emulator":{"name":"functions"},"function":{"name":"us-central1-api"},"extension":{},"message":"[worker-us-central1-api-65f2d0f3-653a-44ec-9f41-c810d142a52f]: IDLE"}}
[debug] [2024-11-10T17:24:29.183Z] Finishing up request with event=finish {"metadata":{"emulator":{"name":"functions"},"function":{"name":"us-central1-api"},"extension":{},"message":"Finishing up request with event=finish"}}
[debug] [2024-11-10T17:24:29.183Z] Finishing up request with event=close {"metadata":{"emulator":{"name":"functions"},"function":{"name":"us-central1-api"},"extension":{},"message":"Finishing up request with event=close"}}
[debug] [2024-11-10T17:24:29.183Z] [work-queue] {"queuedWork":[],"queueLength":0,"runningWork":[],"workRunningCount":0}
[debug] [2024-11-10T17:24:29.184Z] [work-queue] {"queuedWork":["/krivi-criative-trial/us-central1/api/category/all-2024-11-10T17:24:29.184Z"],"queueLength":1,"runningWork":[],"workRunningCount":0}
[debug] [2024-11-10T17:24:29.184Z] [work-queue] {"queuedWork":[],"queueLength":0,"runningWork":["/krivi-criative-trial/us-central1/api/category/all-2024-11-10T17:24:29.184Z"],"workRunningCount":1}
[debug] [2024-11-10T17:24:29.184Z] Accepted request GET /krivi-criative-trial/us-central1/api/category/all --> us-central1-api
[debug] [2024-11-10T17:24:29.186Z] [functions] Runtime ready! Sending request! {"metadata":{"emulator":{"name":"functions"},"message":"[functions] Runtime ready! Sending request!"}}
[debug] [2024-11-10T17:24:29.186Z] [functions] Got req.url=/krivi-criative-trial/us-central1/api/category/all, mapping to path=/category/all {"metadata":{"emulator":{"name":"functions"},"message":"[functions] Got req.url=/krivi-criative-trial/us-central1/api/category/all, mapping to path=/category/all"}}
[debug] [2024-11-10T17:24:29.186Z] [worker-pool] submitRequest(triggerId=us-central1-api) {"metadata":{"emulator":{"name":"functions"},"message":"[worker-pool] submitRequest(triggerId=us-central1-api)"}}
[info] i  functions: Beginning execution of "us-central1-api" {"metadata":{"emulator":{"name":"functions"},"function":{"name":"us-central1-api"},"extension":{},"message":"Beginning execution of \"us-central1-api\""}}
[debug] [2024-11-10T17:24:29.187Z] [worker-us-central1-api-65f2d0f3-653a-44ec-9f41-c810d142a52f]: BUSY {"metadata":{"emulator":{"name":"functions"},"function":{"name":"us-central1-api"},"extension":{},"message":"[worker-us-central1-api-65f2d0f3-653a-44ec-9f41-c810d142a52f]: BUSY"}}
[debug] [2024-11-10T17:24:29.234Z] Finishing up request with event=pause {"metadata":{"emulator":{"name":"functions"},"function":{"name":"us-central1-api"},"extension":{},"message":"Finishing up request with event=pause"}}
[info] i  functions: Finished "us-central1-api" in 47.2355ms {"metadata":{"emulator":{"name":"functions"},"function":{"name":"us-central1-api"},"extension":{},"message":"Finished \"us-central1-api\" in 47.2355ms"}}
[debug] [2024-11-10T17:24:29.234Z] [worker-us-central1-api-65f2d0f3-653a-44ec-9f41-c810d142a52f]: IDLE {"metadata":{"emulator":{"name":"functions"},"function":{"name":"us-central1-api"},"extension":{},"message":"[worker-us-central1-api-65f2d0f3-653a-44ec-9f41-c810d142a52f]: IDLE"}}
[debug] [2024-11-10T17:24:29.234Z] Finishing up request with event=finish {"metadata":{"emulator":{"name":"functions"},"function":{"name":"us-central1-api"},"extension":{},"message":"Finishing up request with event=finish"}}
[debug] [2024-11-10T17:24:29.235Z] Finishing up request with event=close {"metadata":{"emulator":{"name":"functions"},"function":{"name":"us-central1-api"},"extension":{},"message":"Finishing up request with event=close"}}
[debug] [2024-11-10T17:24:29.235Z] [work-queue] {"queuedWork":[],"queueLength":0,"runningWork":[],"workRunningCount":0}
[debug] [2024-11-10T17:25:22.161Z] File D:\craftsy\krivibackend\functions\src\server.js changed, reloading triggers {"metadata":{"emulator":{"name":"functions"},"message":"File D:\\craftsy\\krivibackend\\functions\\src\\server.js changed, reloading triggers"}}
[debug] [2024-11-10T17:25:23.176Z] Validating nodejs source
[debug] [2024-11-10T17:25:24.240Z] > [functions] package.json contents: {
  "name": "functions",
  "description": "Cloud Functions for Firebase",
  "scripts": {
    "serve": "firebase emulators:start --only functions",
    "shell": "firebase functions:shell",
    "start": "npm run shell",
    "emulator": "firebase emulators:start",
    "deploy": "firebase deploy --only functions",
    "logs": "firebase functions:log"
  },
  "engines": {
    "node": "18"
  },
  "main": "src/server.js",
  "dependencies": {
    "body-parser": "^1.20.3",
    "cors": "^2.8.5",
    "express": "^4.21.1",
    "firebase-admin": "^12.6.0",
    "firebase-functions": "^6.0.1",
    "nodemon": "^3.1.7"
  },
  "devDependencies": {
    "firebase-functions-test": "^3.1.0"
  },
  "private": true
}
[debug] [2024-11-10T17:25:24.240Z] Building nodejs source
[debug] [2024-11-10T17:25:24.241Z] Failed to find version of module node: reached end of search path D:\craftsy\krivibackend\functions\node_modules
[warn] !  functions: Your requested "node" version "18" doesn't match your global version "20". Using node@20 from host. 
[debug] [2024-11-10T17:25:24.242Z] Could not find functions.yaml. Must use http discovery
[debug] [2024-11-10T17:25:24.247Z] Found firebase-functions binary at 'D:\craftsy\krivibackend\functions\node_modules\.bin\firebase-functions'
[info] Serving at port 8927

[info] category

[info] product

[debug] [2024-11-10T17:25:30.661Z] Got response from /__/functions.yaml {"endpoints":{"api":{"availableMemoryMb":null,"timeoutSeconds":null,"minInstances":null,"maxInstances":null,"ingressSettings":null,"concurrency":null,"serviceAccountEmail":null,"vpc":null,"platform":"gcfv2","labels":{},"httpsTrigger":{},"entryPoint":"api"}},"specVersion":"v1alpha1","requiredAPIs":[],"extensions":{}}
[info] +  functions: Loaded functions definitions from source: api. {"metadata":{"emulator":{"name":"functions"},"message":"Loaded functions definitions from source: api."}}
[debug] [2024-11-10T17:25:35.687Z] [worker-pool] Shutting down IDLE worker (us-central1-api) {"metadata":{"emulator":{"name":"functions"},"message":"[worker-pool] Shutting down IDLE worker (us-central1-api)"}}
[debug] [2024-11-10T17:25:35.687Z] [worker-us-central1-api-65f2d0f3-653a-44ec-9f41-c810d142a52f]: FINISHING {"metadata":{"emulator":{"name":"functions"},"function":{"name":"us-central1-api"},"extension":{},"message":"[worker-us-central1-api-65f2d0f3-653a-44ec-9f41-c810d142a52f]: FINISHING"}}
[debug] [2024-11-10T17:25:35.710Z] [worker-us-central1-api-65f2d0f3-653a-44ec-9f41-c810d142a52f]: exited {"metadata":{"emulator":{"name":"functions"},"function":{"name":"us-central1-api"},"extension":{},"message":"[worker-us-central1-api-65f2d0f3-653a-44ec-9f41-c810d142a52f]: exited"}}
[debug] [2024-11-10T17:25:35.711Z] [worker-us-central1-api-65f2d0f3-653a-44ec-9f41-c810d142a52f]: FINISHED {"metadata":{"emulator":{"name":"functions"},"function":{"name":"us-central1-api"},"extension":{},"message":"[worker-us-central1-api-65f2d0f3-653a-44ec-9f41-c810d142a52f]: FINISHED"}}
